<?xml version="1.0" encoding="UTF-8"?>
<!-- Generated by org.testng.reporters.JUnitReportReporter -->
<testsuite skipped="0" hostname="LAPTOP-RM61I4RI" name="parameterizing.RegisteredUsersVerification" tests="1" failures="0" timestamp="2020-03-06T19:47:00 IST" time="12.339" errors="0">
  <testcase name="adminpage" time="12.339" classname="parameterizing.RegisteredUsersVerification"/>
</testsuite> <!-- parameterizing.RegisteredUsersVerification -->
