<?xml version="1.0" encoding="UTF-8"?>
<!-- Generated by org.testng.reporters.JUnitReportReporter -->
<testsuite skipped="0" hostname="LAPTOP-RM61I4RI" name="carrentalscript.RegisteredUsersVerification" tests="1" failures="0" timestamp="2020-03-06T20:57:35 IST" time="14.256" errors="0">
  <testcase name="adminpage" time="14.256" classname="carrentalscript.RegisteredUsersVerification"/>
</testsuite> <!-- carrentalscript.RegisteredUsersVerification -->
