<?xml version="1.0" encoding="UTF-8"?>
<!-- Generated by org.testng.reporters.JUnitReportReporter -->
<testsuite skipped="0" hostname="LAPTOP-RM61I4RI" name="parameterizing.BookingsVerification" tests="1" failures="0" timestamp="2020-03-06T19:35:24 IST" time="13.403" errors="0">
  <testcase name="bookingsverifications" time="13.403" classname="parameterizing.BookingsVerification"/>
</testsuite> <!-- parameterizing.BookingsVerification -->
