<?xml version="1.0" encoding="UTF-8"?>
<!-- Generated by org.testng.reporters.JUnitReportReporter -->
<testsuite skipped="0" hostname="LAPTOP-RM61I4RI" name="carrentalscript.RegisteredUsersVerification" tests="1" failures="0" timestamp="2020-03-07T11:47:58 IST" time="10.300" errors="0">
  <testcase name="adminpage" time="10.300" classname="carrentalscript.RegisteredUsersVerification"/>
  <system-out/>
</testsuite> <!-- carrentalscript.RegisteredUsersVerification -->
